<?xml version="1.0" encoding="UTF-8"?>
<testng-results skipped="0" failed="0" ignored="0" total="2" passed="2">
  <reporter-output>
  </reporter-output>
  <suite name="Suite" duration-ms="21668" started-at="2020-08-24T16:58:14 PDT" finished-at="2020-08-24T16:58:36 PDT">
    <groups>
    </groups>
    <test name="ChromeTest" duration-ms="13737" started-at="2020-08-24T16:58:14 PDT" finished-at="2020-08-24T16:58:28 PDT">
      <class name="com.spicejet.DynamicDropDownTest">
        <test-method status="PASS" signature="setupBrowser(java.lang.String)[pri:0, instance:com.spicejet.DynamicDropDownTest@4f063c0a]" name="setupBrowser" is-config="true" duration-ms="6606" started-at="2020-08-24T16:58:14 PDT" finished-at="2020-08-24T16:58:21 PDT">
          <params>
            <param index="0">
              <value>
                <![CDATA[Chrome]]>
              </value>
            </param>
          </params>
          <reporter-output>
          </reporter-output>
        </test-method> <!-- setupBrowser -->
        <test-method status="PASS" signature="dropDownTest()[pri:1, instance:com.spicejet.DynamicDropDownTest@4f063c0a]" name="dropDownTest" duration-ms="6944" started-at="2020-08-24T16:58:21 PDT" finished-at="2020-08-24T16:58:28 PDT">
          <reporter-output>
          </reporter-output>
        </test-method> <!-- dropDownTest -->
        <test-method status="PASS" signature="teardown()[pri:0, instance:com.spicejet.DynamicDropDownTest@4f063c0a]" name="teardown" is-config="true" duration-ms="149" started-at="2020-08-24T16:58:28 PDT" finished-at="2020-08-24T16:58:28 PDT">
          <reporter-output>
          </reporter-output>
        </test-method> <!-- teardown -->
      </class> <!-- com.spicejet.DynamicDropDownTest -->
    </test> <!-- ChromeTest -->
    <test name="FirefoxTest" duration-ms="21668" started-at="2020-08-24T16:58:14 PDT" finished-at="2020-08-24T16:58:36 PDT">
      <class name="com.spicejet.DynamicDropDownTest">
        <test-method status="PASS" signature="setupBrowser(java.lang.String)[pri:0, instance:com.spicejet.DynamicDropDownTest@27a8c74e]" name="setupBrowser" is-config="true" duration-ms="18029" started-at="2020-08-24T16:58:14 PDT" finished-at="2020-08-24T16:58:32 PDT">
          <params>
            <param index="0">
              <value>
                <![CDATA[FireFox]]>
              </value>
            </param>
          </params>
          <reporter-output>
          </reporter-output>
        </test-method> <!-- setupBrowser -->
        <test-method status="PASS" signature="dropDownTest()[pri:1, instance:com.spicejet.DynamicDropDownTest@27a8c74e]" name="dropDownTest" duration-ms="983" started-at="2020-08-24T16:58:32 PDT" finished-at="2020-08-24T16:58:33 PDT">
          <reporter-output>
          </reporter-output>
        </test-method> <!-- dropDownTest -->
        <test-method status="PASS" signature="teardown()[pri:0, instance:com.spicejet.DynamicDropDownTest@27a8c74e]" name="teardown" is-config="true" duration-ms="2650" started-at="2020-08-24T16:58:33 PDT" finished-at="2020-08-24T16:58:36 PDT">
          <reporter-output>
          </reporter-output>
        </test-method> <!-- teardown -->
      </class> <!-- com.spicejet.DynamicDropDownTest -->
    </test> <!-- FirefoxTest -->
  </suite> <!-- Suite -->
</testng-results>
